c:\users\dell\desktop\studia\projekt c++\projektcpp\x64\debug\vc143.pdb
c:\users\dell\desktop\studia\projekt c++\projektcpp\x64\debug\vc143.idb
c:\users\dell\desktop\studia\projekt c++\projektcpp\x64\debug\projektcpp.obj
c:\users\dell\desktop\studia\projekt c++\projektcpp\x64\debug\particle.obj
c:\users\dell\desktop\studia\projekt c++\projektcpp\x64\debug\projektcpp.exe
c:\users\dell\desktop\studia\projekt c++\projektcpp\x64\debug\projektcpp.ilk
c:\users\dell\desktop\studia\projekt c++\projektcpp\x64\debug\projektcpp.pdb
c:\users\dell\desktop\studia\projekt c++\projektcpp\x64\debug\projektcpp.res
c:\users\dell\desktop\studia\projekt c++\projektcpp\x64\debug\particle.obj.enc
c:\users\dell\desktop\studia\projekt c++\projektcpp\x64\debug\projektcpp.obj.enc
c:\users\dell\desktop\studia\projekt c++\projektcpp\x64\debug\projektcpp.tlog\cl.command.1.tlog
c:\users\dell\desktop\studia\projekt c++\projektcpp\x64\debug\projektcpp.tlog\cl.items.tlog
c:\users\dell\desktop\studia\projekt c++\projektcpp\x64\debug\projektcpp.tlog\cl.read.1.tlog
c:\users\dell\desktop\studia\projekt c++\projektcpp\x64\debug\projektcpp.tlog\cl.write.1.tlog
c:\users\dell\desktop\studia\projekt c++\projektcpp\x64\debug\projektcpp.tlog\link.command.1.tlog
c:\users\dell\desktop\studia\projekt c++\projektcpp\x64\debug\projektcpp.tlog\link.read.1.tlog
c:\users\dell\desktop\studia\projekt c++\projektcpp\x64\debug\projektcpp.tlog\link.write.1.tlog
c:\users\dell\desktop\studia\projekt c++\projektcpp\x64\debug\projektcpp.tlog\rc.command.1.tlog
c:\users\dell\desktop\studia\projekt c++\projektcpp\x64\debug\projektcpp.tlog\rc.read.1.tlog
c:\users\dell\desktop\studia\projekt c++\projektcpp\x64\debug\projektcpp.tlog\rc.write.1.tlog
